"C:\Program Files\JetBrains\CLion 2023.2.2\bin\cmake\win\x64\bin\cmake.exe" -DCMAKE_BUILD_TYPE=Debug -G "CodeBlocks - NMake Makefiles" -S "C:\Users\pc\OneDrive - Žilinská univerzita v Žiline\Documents\GitHub\Semestralka" -B "C:\Users\pc\OneDrive - Žilinská univerzita v Žiline\Documents\GitHub\Semestralka\cmake-build-visual-studio"
-- The C compiler identification is MSVC 19.33.31630.0
-- The CXX compiler identification is MSVC 19.33.31630.0
-- Detecting C compiler ABI info
-- Detecting C compiler ABI info - failed
-- Check for working C compiler: C:/Program Files/Microsoft Visual Studio/2022/Community/VC/Tools/MSVC/14.33.31629/bin/Hostx64/x64/cl.exe
-- Check for working C compiler: C:/Program Files/Microsoft Visual Studio/2022/Community/VC/Tools/MSVC/14.33.31629/bin/Hostx64/x64/cl.exe - broken
CMake Error at C:/Program Files/JetBrains/CLion 2023.2.2/bin/cmake/win/x64/share/cmake-3.26/Modules/CMakeTestCCompiler.cmake:67 (message):
  The C compiler

    "C:/Program Files/Microsoft Visual Studio/2022/Community/VC/Tools/MSVC/14.33.31629/bin/Hostx64/x64/cl.exe"

  is not able to compile a simple test program.

  It fails with the following output:

    Change Dir: C:/Users/pc/OneDrive - Žilinská univerzita v Žiline/Documents/GitHub/Semestralka/cmake-build-visual-studio/CMakeFiles/CMakeScratch/TryCompile-dkku04
    
    Run Build Command(s):C:/Program Files/JetBrains/CLion 2023.2.2/bin/cmake/win/x64/bin/cmake.exe -E env VERBOSE=1 nmake -f Makefile /nologo cmTC_a01c5\fast && 	"C:\Program Files\Microsoft Visual Studio\2022\Community\VC\Tools\MSVC\14.33.31629\bin\HostX64\x64\nmake.exe"  -f CMakeFiles\cmTC_a01c5.dir\build.make /nologo -L                  CMakeFiles\cmTC_a01c5.dir\build
    Building C object CMakeFiles/cmTC_a01c5.dir/testCCompiler.c.obj
    	"C:\Program Files\JetBrains\CLion 2023.2.2\bin\cmake\win\x64\bin\cmake.exe" -E cmake_cl_compile_depends --dep-file=CMakeFiles\cmTC_a01c5.dir\testCCompiler.c.obj.d --working-dir="C:\Users\pc\OneDrive - Äilinskß univerzita v Äiline\Documents\GitHub\Semestralka\cmake-build-visual-studio\CMakeFiles\CMakeScratch\TryCompile-dkku04" --filter-prefix="Note: including file: " -- C:\PROGRA~1\MIB055~1\2022\COMMUN~1\VC\Tools\MSVC\1433~1.316\bin\Hostx64\x64\cl.exe @C:\Users\pc\AppData\Local\Temp\nm7DDB.tmp
    testCCompiler.c
    Linking C executable cmTC_a01c5.exe
    	"C:\Program Files\JetBrains\CLion 2023.2.2\bin\cmake\win\x64\bin\cmake.exe" -E vs_link_exe --intdir=CMakeFiles\cmTC_a01c5.dir --rc=C:\PROGRA~2\WI3CF2~1\10\bin\100190~1.0\x64\rc.exe --mt=C:\PROGRA~2\WI3CF2~1\10\bin\100190~1.0\x64\mt.exe --manifests -- C:\PROGRA~1\MIB055~1\2022\COMMUN~1\VC\Tools\MSVC\1433~1.316\bin\Hostx64\x64\link.exe /nologo @CMakeFiles\cmTC_a01c5.dir\objects1.rsp @C:\Users\pc\AppData\Local\Temp\nm7E48.tmp
    Visual Studio Incremental Link with embedded manifests
    Create CMakeFiles\cmTC_a01c5.dir/manifest.rc
    Create empty: CMakeFiles\cmTC_a01c5.dir/embed.manifest
    RC Pass 1:
    C:\PROGRA~2\WI3CF2~1\10\bin\100190~1.0\x64\rc.exe /fo CMakeFiles\cmTC_a01c5.dir/manifest.res CMakeFiles\cmTC_a01c5.dir/manifest.rc
    LINK Pass 1:
    C:\PROGRA~1\MIB055~1\2022\COMMUN~1\VC\Tools\MSVC\1433~1.316\bin\Hostx64\x64\link.exe /nologo @CMakeFiles\cmTC_a01c5.dir\objects1.rsp /out:cmTC_a01c5.exe /implib:cmTC_a01c5.lib /pdb:C:\Users\pc\OneDrive - ?ilinsk? univerzita v ?iline\Documents\GitHub\Semestralka\cmake-build-visual-studio\CMakeFiles\CMakeScratch\TryCompile-dkku04\cmTC_a01c5.pdb /version:0.0 /machine:x64 /debug /INCREMENTAL /subsystem:console kernel32.lib user32.lib gdi32.lib winspool.lib shell32.lib ole32.lib oleaut32.lib uuid.lib comdlg32.lib advapi32.lib /MANIFEST /MANIFESTFILE:CMakeFiles\cmTC_a01c5.dir/intermediate.manifest CMakeFiles\cmTC_a01c5.dir/manifest.res
    LINK Pass 1: command "C:\PROGRA~1\MIB055~1\2022\COMMUN~1\VC\Tools\MSVC\1433~1.316\bin\Hostx64\x64\link.exe /nologo @CMakeFiles\cmTC_a01c5.dir\objects1.rsp /out:cmTC_a01c5.exe /implib:cmTC_a01c5.lib /pdb:C:\Users\pc\OneDrive - ?ilinsk? univerzita v ?iline\Documents\GitHub\Semestralka\cmake-build-visual-studio\CMakeFiles\CMakeScratch\TryCompile-dkku04\cmTC_a01c5.pdb /version:0.0 /machine:x64 /debug /INCREMENTAL /subsystem:console kernel32.lib user32.lib gdi32.lib winspool.lib shell32.lib ole32.lib oleaut32.lib uuid.lib comdlg32.lib advapi32.lib /MANIFEST /MANIFESTFILE:CMakeFiles\cmTC_a01c5.dir/intermediate.manifest CMakeFiles\cmTC_a01c5.dir/manifest.res" failed (exit code 1201) with the following output:
    LINK : fatal error LNK1201: error writing to program database 'C:\Users\pc\OneDrive - ?ilinsk? univerzita v ?iline\Documents\GitHub\Semestralka\cmake-build-visual-studio\CMakeFiles\CMakeScratch\TryCompile-dkku04\cmTC_a01c5.pdb'; check for insufficient disk space, invalid path, or insufficient privilege
    NMAKE : fatal error U1077: '"C:\Program Files\JetBrains\CLion 2023.2.2\bin\cmake\win\x64\bin\cmake.exe"' : return code '0xffffffff'
    Stop.
    NMAKE : fatal error U1077: '"C:\Program Files\Microsoft Visual Studio\2022\Community\VC\Tools\MSVC\14.33.31629\bin\HostX64\x64\nmake.exe"' : return code '0x2'
    Stop.
    
    

  

  CMake will not be able to correctly generate this project.
Call Stack (most recent call first):
  CMakeLists.txt:2 (project)


-- Configuring incomplete, errors occurred!
